<?xml version="1.0" encoding="utf-8"?><testsuites name="pytest tests"><testsuite name="pytest" errors="0" failures="0" skipped="2" tests="12" time="4.783" timestamp="2026-05-25T10:59:02.003914+00:00" hostname="agent-env-1ffacac7-3af8-412c-a086-4b67c935130e"><testcase classname="backend.tests.test_emergency_workflow_fix.TestAIUsage" name="test_ai_usage_returns_all_required_fields" time="0.148" /><testcase classname="backend.tests.test_emergency_workflow_fix.TestAIUsage" name="test_ai_usage_real_user_charge_is_false" time="0.050" /><testcase classname="backend.tests.test_emergency_workflow_fix.TestAIUsage" name="test_ai_usage_numbers_are_numeric" time="0.048" /><testcase classname="backend.tests.test_emergency_workflow_fix.TestResetTrashDrive" name="test_reset_endpoint_returns_drive_fields" time="0.621" /><testcase classname="backend.tests.test_emergency_workflow_fix.TestResetTrashDrive" name="test_reset_endpoint_without_trash_drive" time="0.052" /><testcase classname="backend.tests.test_emergency_workflow_fix.TestAddToReturnEndpoint" name="test_add_to_return_unknown_tx_returns_404" time="0.046" /><testcase classname="backend.tests.test_emergency_workflow_fix.TestAddToReturnEndpoint" name="test_ignore_unknown_tx_returns_404" time="0.045" /><testcase classname="backend.tests.test_emergency_workflow_fix.TestAddToReturnEndpoint" name="test_add_to_return_full_lifecycle" time="0.046"><skipped type="pytest.skip" message="no unused bank transactions in DB to exercise add-to-return">/app/backend/tests/test_emergency_workflow_fix.py:165: no unused bank transactions in DB to exercise add-to-return</skipped></testcase><testcase classname="backend.tests.test_emergency_workflow_fix.TestAddToReturnEndpoint" name="test_ignore_endpoint_is_idempotent" time="0.045"><skipped type="pytest.skip" message="no eligible bank transactions to ignore">/app/backend/tests/test_emergency_workflow_fix.py:232: no eligible bank transactions to ignore</skipped></testcase><testcase classname="backend.tests.test_emergency_workflow_fix.TestDashboardFiltersDeleted" name="test_dashboard_excludes_deleted_docs" time="1.114" /><testcase classname="backend.tests.test_emergency_workflow_fix.TestDashboardFiltersDeleted" name="test_dashboard_stats_excludes_deleted" time="1.240" /><testcase classname="backend.tests.test_emergency_workflow_fix.TestDashboardFiltersDeleted" name="test_dashboard_readiness_excludes_deleted" time="1.244" /></testsuite></testsuites>