<?xml version="1.0" encoding="utf-8"?><testsuites name="pytest tests"><testsuite name="pytest" errors="0" failures="0" skipped="0" tests="12" time="3.345" timestamp="2026-05-26T01:54:34.524480+00:00" hostname="agent-env-1ffacac7-3af8-412c-a086-4b67c935130e"><testcase classname="backend.tests.test_final_patch.TestTaxYears" name="test_tax_years_config_seeded" time="0.248" /><testcase classname="backend.tests.test_final_patch.TestTaxYears" name="test_tax_years_active_endpoint" time="0.056" /><testcase classname="backend.tests.test_final_patch.TestTaxYears" name="test_reference_active_tax_years" time="0.062" /><testcase classname="backend.tests.test_final_patch.TestTaxYears" name="test_tax_years_config_crud" time="0.171" /><testcase classname="backend.tests.test_final_patch.TestTaxYears" name="test_dashboard_dynamic_fy_cards" time="0.071" /><testcase classname="backend.tests.test_final_patch.TestPropertiesEntityType" name="test_create_property_valid_entity_type" time="0.180" /><testcase classname="backend.tests.test_final_patch.TestPropertiesEntityType" name="test_create_property_invalid_entity_type" time="0.056" /><testcase classname="backend.tests.test_final_patch.TestPropertiesEntityType" name="test_create_property_other_requires_text" time="0.302" /><testcase classname="backend.tests.test_final_patch.TestPropertiesEntityType" name="test_patch_property_entity_type" time="0.338" /><testcase classname="backend.tests.test_final_patch.TestPropertiesEntityType" name="test_list_properties_default_two_seeded" time="0.060" /><testcase classname="backend.tests.test_final_patch.TestResetDataNoPaygReseed" name="test_reset_does_not_reseed_payg" time="1.598" /><testcase classname="backend.tests.test_final_patch.TestResetDataNoPaygReseed" name="test_payg_opt_in_seed_works" time="0.119" /></testsuite></testsuites>