<?xml version="1.0" encoding="utf-8"?><testsuites name="pytest tests"><testsuite name="pytest" errors="0" failures="0" skipped="0" tests="22" time="1.988" timestamp="2026-05-24T08:42:33.045427+00:00" hostname="agent-env-1ffacac7-3af8-412c-a086-4b67c935130e"><testcase classname="backend.tests.test_tax_vault" name="test_root" time="0.270" /><testcase classname="backend.tests.test_tax_vault" name="test_reference" time="0.049" /><testcase classname="backend.tests.test_tax_vault" name="test_drive_status_initial" time="0.047" /><testcase classname="backend.tests.test_tax_vault" name="test_drive_connect_url" time="0.048" /><testcase classname="backend.tests.test_tax_vault" name="test_missing_preload_count" time="0.046" /><testcase classname="backend.tests.test_tax_vault" name="test_missing_priority_critical" time="0.046" /><testcase classname="backend.tests.test_tax_vault" name="test_missing_crud" time="0.229" /><testcase classname="backend.tests.test_tax_vault" name="test_payg_preload_totals" time="0.044" /><testcase classname="backend.tests.test_tax_vault" name="test_figure_crud" time="0.183" /><testcase classname="backend.tests.test_tax_vault" name="test_dashboard" time="0.045" /><testcase classname="backend.tests.test_tax_vault" name="test_document_upload_without_drive" time="0.088" /><testcase classname="backend.tests.test_tax_vault" name="test_document_invalid_category" time="0.045" /><testcase classname="backend.tests.test_tax_vault" name="test_document_invalid_tax_year" time="0.045" /><testcase classname="backend.tests.test_tax_vault" name="test_document_list_filter_category" time="0.072" /><testcase classname="backend.tests.test_tax_vault" name="test_document_list_filter_tax_year" time="0.137" /><testcase classname="backend.tests.test_tax_vault" name="test_document_patch_and_delete" time="0.182" /><testcase classname="backend.tests.test_tax_vault" name="test_evidence_register_csv" time="0.046" /><testcase classname="backend.tests.test_tax_vault" name="test_missing_evidence_csv" time="0.045" /><testcase classname="backend.tests.test_tax_vault" name="test_documents_by_category_csv" time="0.058" /><testcase classname="backend.tests.test_tax_vault" name="test_accountant_pdf" time="0.055" /><testcase classname="backend.tests.test_tax_vault" name="test_seed_missing_idempotent" time="0.050" /><testcase classname="backend.tests.test_tax_vault" name="test_seed_payg_idempotent" time="0.055" /></testsuite></testsuites>