<?xml version="1.0" encoding="utf-8"?><testsuites name="pytest tests"><testsuite name="pytest" errors="0" failures="0" skipped="5" tests="110" time="49.712" timestamp="2026-05-25T10:59:40.114119+00:00" hostname="agent-env-1ffacac7-3af8-412c-a086-4b67c935130e"><testcase classname="backend.tests.test_emergency_workflow_fix.TestAIUsage" name="test_ai_usage_returns_all_required_fields" time="0.180" /><testcase classname="backend.tests.test_emergency_workflow_fix.TestAIUsage" name="test_ai_usage_real_user_charge_is_false" time="0.059" /><testcase classname="backend.tests.test_emergency_workflow_fix.TestAIUsage" name="test_ai_usage_numbers_are_numeric" time="0.046" /><testcase classname="backend.tests.test_emergency_workflow_fix.TestResetTrashDrive" name="test_reset_endpoint_returns_drive_fields" time="0.053" /><testcase classname="backend.tests.test_emergency_workflow_fix.TestResetTrashDrive" name="test_reset_endpoint_without_trash_drive" time="0.047" /><testcase classname="backend.tests.test_emergency_workflow_fix.TestAddToReturnEndpoint" name="test_add_to_return_unknown_tx_returns_404" time="0.056" /><testcase classname="backend.tests.test_emergency_workflow_fix.TestAddToReturnEndpoint" name="test_ignore_unknown_tx_returns_404" time="0.044" /><testcase classname="backend.tests.test_emergency_workflow_fix.TestAddToReturnEndpoint" name="test_add_to_return_full_lifecycle" time="0.045"><skipped type="pytest.skip" message="no unused bank transactions in DB to exercise add-to-return">/app/backend/tests/test_emergency_workflow_fix.py:165: no unused bank transactions in DB to exercise add-to-return</skipped></testcase><testcase classname="backend.tests.test_emergency_workflow_fix.TestAddToReturnEndpoint" name="test_ignore_endpoint_is_idempotent" time="0.043"><skipped type="pytest.skip" message="no eligible bank transactions to ignore">/app/backend/tests/test_emergency_workflow_fix.py:232: no eligible bank transactions to ignore</skipped></testcase><testcase classname="backend.tests.test_emergency_workflow_fix.TestDashboardFiltersDeleted" name="test_dashboard_excludes_deleted_docs" time="1.255" /><testcase classname="backend.tests.test_emergency_workflow_fix.TestDashboardFiltersDeleted" name="test_dashboard_stats_excludes_deleted" time="1.346" /><testcase classname="backend.tests.test_emergency_workflow_fix.TestDashboardFiltersDeleted" name="test_dashboard_readiness_excludes_deleted" time="1.128" /><testcase classname="backend.tests.test_stage5_final.TestFYBoundaries" name="test_fy2024_start_inclusive" time="0.000" /><testcase classname="backend.tests.test_stage5_final.TestFYBoundaries" name="test_fy2024_end_inclusive" time="0.000" /><testcase classname="backend.tests.test_stage5_final.TestFYBoundaries" name="test_fy2025_start_inclusive" time="0.000" /><testcase classname="backend.tests.test_stage5_final.TestFYBoundaries" name="test_fy2025_end_inclusive" time="0.000" /><testcase classname="backend.tests.test_stage5_final.TestFYBoundaries" name="test_pre_fy2024_is_unsure" time="0.000" /><testcase classname="backend.tests.test_stage5_final.TestFYBoundaries" name="test_post_fy2025_is_unsure" time="0.000" /><testcase classname="backend.tests.test_stage5_final.TestFYBoundaries" name="test_none_and_strings" time="0.000" /><testcase classname="backend.tests.test_stage5_final.TestFYBoundaries" name="test_normalise_fy_clamps_future" time="0.000" /><testcase classname="backend.tests.test_stage5_final.TestMoneyHelpers" name="test_dollar_string" time="0.000" /><testcase classname="backend.tests.test_stage5_final.TestMoneyHelpers" name="test_aud_string" time="0.000" /><testcase classname="backend.tests.test_stage5_final.TestMoneyHelpers" name="test_float" time="0.000" /><testcase classname="backend.tests.test_stage5_final.TestMoneyHelpers" name="test_int_is_dollars" time="0.000" /><testcase classname="backend.tests.test_stage5_final.TestMoneyHelpers" name="test_none_garbage" time="0.000" /><testcase classname="backend.tests.test_stage5_final.TestMoneyHelpers" name="test_format" time="0.000" /><testcase classname="backend.tests.test_stage5_final" name="test_empty_file_lands_as_error_file_empty" time="0.232" /><testcase classname="backend.tests.test_stage5_final" name="test_unreadable_file_lands_in_inbox_red" time="0.153" /><testcase classname="backend.tests.test_stage5_final" name="test_duplicate_hash_detected_with_renamed_file" time="13.605" /><testcase classname="backend.tests.test_stage5_final" name="test_manual_correction_sets_user_confirmed" time="0.109" /><testcase classname="backend.tests.test_stage5_final" name="test_clearing_review_marks_complete_unless_red" time="0.052"><skipped type="pytest.skip" message="no non-red docs to test">/app/backend/tests/test_stage5_final.py:233: no non-red docs to test</skipped></testcase><testcase classname="backend.tests.test_stage5_final" name="test_evidence_csv_has_required_columns" time="0.070" /><testcase classname="backend.tests.test_stage5_final" name="test_backup_json_contains_all_collections" time="0.098" /><testcase classname="backend.tests.test_stage5_final" name="test_final_accountant_pack_zip" time="0.263" /><testcase classname="backend.tests.test_stage5_final" name="test_readiness_endpoint_shape" time="0.064" /><testcase classname="backend.tests.test_stage5_final" name="test_readiness_blocks_when_inbox_has_docs" time="0.123" /><testcase classname="backend.tests.test_stage5_final" name="test_reference_tax_years_locked" time="0.048" /><testcase classname="backend.tests.test_stage7_phase2.TestParserHelpers" name="test_parse_amount" time="0.001" /><testcase classname="backend.tests.test_stage7_phase2.TestParserHelpers" name="test_parse_date_formats" time="0.004" /><testcase classname="backend.tests.test_stage7_phase2.TestParserHelpers" name="test_clean_description_strips_prefixes" time="0.000" /><testcase classname="backend.tests.test_stage7_phase2.TestRulesEngine" name="test_synergy_classified_as_electricity" time="0.000" /><testcase classname="backend.tests.test_stage7_phase2.TestRulesEngine" name="test_bunnings_review_required" time="0.000" /><testcase classname="backend.tests.test_stage7_phase2.TestRulesEngine" name="test_woolworths_marked_private" time="0.000" /><testcase classname="backend.tests.test_stage7_phase2.TestRulesEngine" name="test_unknown_merchant_is_uncertain" time="0.000" /><testcase classname="backend.tests.test_stage7_phase2.TestPropertyPeriodMatching" name="test_rental_period_match" time="0.000" /><testcase classname="backend.tests.test_stage7_phase2.TestPropertyPeriodMatching" name="test_main_residence_period_match" time="0.000" /><testcase classname="backend.tests.test_stage7_phase2.TestBankStatementDetection" name="test_obvious_bank_statement" time="0.000" /><testcase classname="backend.tests.test_stage7_phase2.TestBankStatementDetection" name="test_invoice_is_not_bank_statement" time="0.000" /><testcase classname="backend.tests.test_stage7_phase2.TestBankStatementDetection" name="test_text_only_strong_signals_enough" time="0.000" /><testcase classname="backend.tests.test_stage7_phase2" name="test_csv_extraction_and_classification" time="0.023" /><testcase classname="backend.tests.test_stage7_phase2" name="test_text_line_parser" time="0.000" /><testcase classname="backend.tests.test_stage7_phase2.TestBankSettingsAPI" name="test_default_settings" time="0.139" /><testcase classname="backend.tests.test_stage7_phase2.TestBankSettingsAPI" name="test_settings_round_trip" time="0.139" /><testcase classname="backend.tests.test_stage7_phase2.TestBankSettingsAPI" name="test_settings_rejects_unknown_keys" time="0.048" /><testcase classname="backend.tests.test_stage7_phase2.TestCostGate" name="test_100_can_proceed" time="0.057" /><testcase classname="backend.tests.test_stage7_phase2.TestCostGate" name="test_huge_batch_blocked" time="0.161" /><testcase classname="backend.tests.test_stage7_phase2.TestCostGate" name="test_400_when_payload_not_list" time="0.046" /><testcase classname="backend.tests.test_stage7_phase2" name="test_list_bank_transactions_endpoint" time="0.100" /><testcase classname="backend.tests.test_stage7_phase2" name="test_end_to_end_csv_bank_statement_extracts_transactions" time="0.194"><skipped type="pytest.skip" message="duplicate from a previous run — not a Phase 2 failure">/app/backend/tests/test_stage7_phase2.py:291: duplicate from a previous run — not a Phase 2 failure</skipped></testcase><testcase classname="backend.tests.test_stage7_phase3" name="test_tax_year_summary_initially" time="0.101" /><testcase classname="backend.tests.test_stage7_phase3" name="test_create_manual_tax_item_with_source" time="1.861" /><testcase classname="backend.tests.test_stage7_phase3" name="test_manual_item_validation_errors" time="0.325" /><testcase classname="backend.tests.test_stage7_phase3" name="test_soft_delete_restore_cycle" time="1.823" /><testcase classname="backend.tests.test_stage7_phase3" name="test_permanent_delete_blocks_when_claimed" time="1.341" /><testcase classname="backend.tests.test_stage7_phase3" name="test_permanent_delete_requires_rubbish_bin" time="1.652" /><testcase classname="backend.tests.test_stage7_phase3" name="test_property_seeded_defaults" time="0.049" /><testcase classname="backend.tests.test_stage7_phase3" name="test_property_add_period_and_remove" time="0.150" /><testcase classname="backend.tests.test_stage7_phase3" name="test_property_period_validation" time="0.193" /><testcase classname="backend.tests.test_stage7_phase3" name="test_create_property_and_duplicate" time="0.095" /><testcase classname="backend.tests.test_stage_4_5.TestErrorCodeMapping" name="test_ai_timeout" time="0.000" /><testcase classname="backend.tests.test_stage_4_5.TestErrorCodeMapping" name="test_ai_rate_limit" time="0.000" /><testcase classname="backend.tests.test_stage_4_5.TestErrorCodeMapping" name="test_ai_generic" time="0.000" /><testcase classname="backend.tests.test_stage_4_5.TestErrorCodeMapping" name="test_drive_disconnected" time="0.000" /><testcase classname="backend.tests.test_stage_4_5.TestErrorCodeMapping" name="test_drive_quota" time="0.000" /><testcase classname="backend.tests.test_stage_4_5.TestErrorCodeMapping" name="test_drive_generic" time="0.000" /><testcase classname="backend.tests.test_stage_4_5.TestErrorCodeMapping" name="test_messages_exist_for_every_code" time="0.000" /><testcase classname="backend.tests.test_stage_4_5" name="test_upload_empty_file_sets_file_empty" time="0.237" /><testcase classname="backend.tests.test_stage_4_5" name="test_upload_too_large_sets_file_too_large" time="3.212" /><testcase classname="backend.tests.test_stage_4_5" name="test_upload_duplicate_sets_file_duplicate" time="12.463" /><testcase classname="backend.tests.test_stage_4_5" name="test_unexpected_error_does_not_leak_raw_exception" time="0.000" /><testcase classname="backend.tests.test_stage_4_5" name="test_cancel_all_returns_immediate_and_cooperative_counts" time="0.049" /><testcase classname="backend.tests.test_stage_4_5" name="test_cancel_one_404_for_missing" time="0.048" /><testcase classname="backend.tests.test_stage_4_5" name="test_retry_404_for_missing" time="0.045" /><testcase classname="backend.tests.test_stage_4_5" name="test_retry_400_for_active_row" time="0.045"><skipped type="pytest.skip" message="no Filed/Inbox row to test against">/app/backend/tests/test_stage_4_5.py:214: no Filed/Inbox row to test against</skipped></testcase><testcase classname="backend.tests.test_stage_4_5" name="test_recover_stuck_returns_count" time="0.054" /><testcase classname="backend.tests.test_stage_4_5" name="test_dashboard_missing_excludes_received_and_na" time="0.338" /><testcase classname="backend.tests.test_stage_4_5" name="test_accountant_pdf_outstanding_excludes_received_and_na" time="0.718" /><testcase classname="backend.tests.test_stage_4_5" name="test_manual_override_sets_status_source_user" time="0.137" /><testcase classname="backend.tests.test_tax_vault" name="test_root" time="0.155" /><testcase classname="backend.tests.test_tax_vault" name="test_reference" time="0.044" /><testcase classname="backend.tests.test_tax_vault" name="test_drive_status_initial" time="0.046" /><testcase classname="backend.tests.test_tax_vault" name="test_drive_connect_url" time="0.045" /><testcase classname="backend.tests.test_tax_vault" name="test_missing_preload_count" time="0.052" /><testcase classname="backend.tests.test_tax_vault" name="test_missing_priority_critical" time="0.056" /><testcase classname="backend.tests.test_tax_vault" name="test_missing_crud" time="0.235" /><testcase classname="backend.tests.test_tax_vault" name="test_payg_preload_totals" time="0.046" /><testcase classname="backend.tests.test_tax_vault" name="test_figure_crud" time="0.199" /><testcase classname="backend.tests.test_tax_vault" name="test_dashboard" time="0.050" /><testcase classname="backend.tests.test_tax_vault" name="test_document_upload_manual" time="1.109" /><testcase classname="backend.tests.test_tax_vault" name="test_document_invalid_category" time="0.045" /><testcase classname="backend.tests.test_tax_vault" name="test_document_invalid_tax_year" time="0.045" /><testcase classname="backend.tests.test_tax_vault" name="test_document_list_filter_category" time="0.048" /><testcase classname="backend.tests.test_tax_vault" name="test_document_list_filter_tax_year" time="1.557" /><testcase classname="backend.tests.test_tax_vault" name="test_document_patch_and_delete" time="0.568" /><testcase classname="backend.tests.test_tax_vault" name="test_evidence_register_csv" time="0.068" /><testcase classname="backend.tests.test_tax_vault" name="test_missing_evidence_csv" time="0.046" /><testcase classname="backend.tests.test_tax_vault" name="test_documents_by_category_csv" time="0.046" /><testcase classname="backend.tests.test_tax_vault" name="test_accountant_pdf" time="0.061" /><testcase classname="backend.tests.test_tax_vault" name="test_seed_missing_idempotent" time="0.047" /><testcase classname="backend.tests.test_tax_vault" name="test_seed_payg_idempotent" time="0.047" /></testsuite></testsuites>